This is XeTeX, Version 3.14159265-2.6-0.999991 (TeX Live 2019/Arch Linux) (preloaded format=xelatex 2020.4.24)  22 SEP 2021 00:43
entering extended mode
 restricted \write18 enabled.
 %&-line parsing enabled.
**codebook.tex
(./codebook.tex
LaTeX2e <2019-10-01> patch level 1
(/usr/share/texmf-dist/tex/latex/base/article.cls
Document Class: article 2019/08/27 v1.4j Standard LaTeX document class
(/usr/share/texmf-dist/tex/latex/base/size10.clo
File: size10.clo 2019/08/27 v1.4j Standard LaTeX file (size option)
)
\c@part=\count80
\c@section=\count81
\c@subsection=\count82
\c@subsubsection=\count83
\c@paragraph=\count84
\c@subparagraph=\count85
\c@figure=\count86
\c@table=\count87
\abovecaptionskip=\skip41
\belowcaptionskip=\skip42
\bibindent=\dimen102
)
(/usr/share/texmf-dist/tex/latex/parskip/parskip.sty
Package: parskip 2019-01-16 v2.0c non-zero parskip adjustments

(/usr/share/texmf-dist/tex/latex/oberdiek/kvoptions.sty
Package: kvoptions 2016/05/16 v3.12 Key value format for package options (HO)

(/usr/share/texmf-dist/tex/latex/graphics/keyval.sty
Package: keyval 2014/10/28 v1.15 key=value parser (DPC)
\KV@toks@=\toks14
)
(/usr/share/texmf-dist/tex/generic/oberdiek/ltxcmds.sty
Package: ltxcmds 2016/05/16 v1.23 LaTeX kernel commands for general use (HO)
)
(/usr/share/texmf-dist/tex/generic/oberdiek/kvsetkeys.sty
Package: kvsetkeys 2016/05/16 v1.17 Key value parser (HO)

(/usr/share/texmf-dist/tex/generic/oberdiek/infwarerr.sty
Package: infwarerr 2016/05/16 v1.4 Providing info/warning/error messages (HO)
)
(/usr/share/texmf-dist/tex/generic/oberdiek/etexcmds.sty
Package: etexcmds 2016/05/16 v1.6 Avoid name clashes with e-TeX commands (HO)

(/usr/share/texmf-dist/tex/generic/oberdiek/ifluatex.sty
Package: ifluatex 2016/05/16 v1.4 Provides the ifluatex switch (HO)
Package ifluatex Info: LuaTeX not detected.
))))
(/usr/share/texmf-dist/tex/latex/etoolbox/etoolbox.sty
Package: etoolbox 2019/09/21 v2.5h e-TeX tools for LaTeX (JAW)
\etb@tempcnta=\count88
))
(/usr/share/texmf-dist/tex/xelatex/xecjk/xeCJK.sty
(/usr/share/texmf-dist/tex/latex/l3kernel/expl3.sty
Package: expl3 2019-10-28 L3 programming layer (loader) 

(/usr/share/texmf-dist/tex/latex/l3kernel/expl3-code.tex
Package: expl3 2019-10-28 L3 programming layer (code)
\c_max_int=\count89
\l_tmpa_int=\count90
\l_tmpb_int=\count91
\g_tmpa_int=\count92
\g_tmpb_int=\count93
\l__seq_internal_a_int=\count94
\l__seq_internal_b_int=\count95
\g__kernel_prg_map_int=\count96
\c__ior_term_noprompt_ior=\count97
\c_log_iow=\count98
\l_iow_line_count_int=\count99
\l__iow_line_target_int=\count100
\l__iow_one_indent_int=\count101
\l__iow_indent_int=\count102
\c_zero_dim=\dimen103
\c_max_dim=\dimen104
\l_tmpa_dim=\dimen105
\l_tmpb_dim=\dimen106
\g_tmpa_dim=\dimen107
\g_tmpb_dim=\dimen108
\c_zero_skip=\skip43
\c_max_skip=\skip44
\l_tmpa_skip=\skip45
\l_tmpb_skip=\skip46
\g_tmpa_skip=\skip47
\g_tmpb_skip=\skip48
\c_zero_muskip=\muskip10
\c_max_muskip=\muskip11
\l_tmpa_muskip=\muskip12
\l_tmpb_muskip=\muskip13
\g_tmpa_muskip=\muskip14
\g_tmpb_muskip=\muskip15
\l_keys_choice_int=\count103
\l__intarray_loop_int=\count104
\c__intarray_sp_dim=\dimen109
\g__intarray_font_int=\count105
\c__fp_leading_shift_int=\count106
\c__fp_middle_shift_int=\count107
\c__fp_trailing_shift_int=\count108
\c__fp_big_leading_shift_int=\count109
\c__fp_big_middle_shift_int=\count110
\c__fp_big_trailing_shift_int=\count111
\c__fp_Bigg_leading_shift_int=\count112
\c__fp_Bigg_middle_shift_int=\count113
\c__fp_Bigg_trailing_shift_int=\count114
\g__fp_array_int=\count115
\l__fp_array_loop_int=\count116
\l__sort_length_int=\count117
\l__sort_min_int=\count118
\l__sort_top_int=\count119
\l__sort_max_int=\count120
\l__sort_true_max_int=\count121
\l__sort_block_int=\count122
\l__sort_begin_int=\count123
\l__sort_end_int=\count124
\l__sort_A_int=\count125
\l__sort_B_int=\count126
\l__sort_C_int=\count127
\l__str_internal_int=\count128
\l__tl_analysis_normal_int=\count129
\l__tl_analysis_index_int=\count130
\l__tl_analysis_nesting_int=\count131
\l__tl_analysis_type_int=\count132
\l__regex_internal_a_int=\count133
\l__regex_internal_b_int=\count134
\l__regex_internal_c_int=\count135
\l__regex_balance_int=\count136
\l__regex_group_level_int=\count137
\l__regex_mode_int=\count138
\c__regex_cs_in_class_mode_int=\count139
\c__regex_cs_mode_int=\count140
\l__regex_catcodes_int=\count141
\l__regex_default_catcodes_int=\count142
\c__regex_catcode_L_int=\count143
\c__regex_catcode_O_int=\count144
\c__regex_catcode_A_int=\count145
\c__regex_all_catcodes_int=\count146
\l__regex_show_lines_int=\count147
\l__regex_min_state_int=\count148
\l__regex_max_state_int=\count149
\l__regex_left_state_int=\count150
\l__regex_right_state_int=\count151
\l__regex_capturing_group_int=\count152
\l__regex_min_pos_int=\count153
\l__regex_max_pos_int=\count154
\l__regex_curr_pos_int=\count155
\l__regex_start_pos_int=\count156
\l__regex_success_pos_int=\count157
\l__regex_curr_char_int=\count158
\l__regex_curr_catcode_int=\count159
\l__regex_last_char_int=\count160
\l__regex_case_changed_char_int=\count161
\l__regex_curr_state_int=\count162
\l__regex_step_int=\count163
\l__regex_min_active_int=\count164
\l__regex_max_active_int=\count165
\l__regex_replacement_csnames_int=\count166
\l__regex_match_count_int=\count167
\l__regex_min_submatch_int=\count168
\l__regex_submatch_int=\count169
\l__regex_zeroth_submatch_int=\count170
\g__regex_trace_regex_int=\count171
\c_empty_box=\box27
\l_tmpa_box=\box28
\l_tmpb_box=\box29
\g_tmpa_box=\box30
\g_tmpb_box=\box31
\l__box_top_dim=\dimen110
\l__box_bottom_dim=\dimen111
\l__box_left_dim=\dimen112
\l__box_right_dim=\dimen113
\l__box_top_new_dim=\dimen114
\l__box_bottom_new_dim=\dimen115
\l__box_left_new_dim=\dimen116
\l__box_right_new_dim=\dimen117
\l__box_internal_box=\box32
\l__coffin_internal_box=\box33
\l__coffin_internal_dim=\dimen118
\l__coffin_offset_x_dim=\dimen119
\l__coffin_offset_y_dim=\dimen120
\l__coffin_x_dim=\dimen121
\l__coffin_y_dim=\dimen122
\l__coffin_x_prime_dim=\dimen123
\l__coffin_y_prime_dim=\dimen124
\c_empty_coffin=\box34
\l__coffin_aligned_coffin=\box35
\l__coffin_aligned_internal_coffin=\box36
\l_tmpa_coffin=\box37
\l_tmpb_coffin=\box38
\g_tmpa_coffin=\box39
\g_tmpb_coffin=\box40
\l__coffin_bounding_shift_dim=\dimen125
\l__coffin_left_corner_dim=\dimen126
\l__coffin_right_corner_dim=\dimen127
\l__coffin_bottom_corner_dim=\dimen128
\l__coffin_top_corner_dim=\dimen129
\l__coffin_scaled_total_height_dim=\dimen130
\l__coffin_scaled_width_dim=\dimen131
\c__coffin_empty_coffin=\box41
\l__coffin_display_coffin=\box42
\l__coffin_display_coord_coffin=\box43
\l__coffin_display_pole_coffin=\box44
\l__coffin_display_offset_dim=\dimen132
\l__coffin_display_x_dim=\dimen133
\l__coffin_display_y_dim=\dimen134
\g__char_data_ior=\read1

(/usr/share/texmf-dist/tex/latex/l3kernel/l3deprecation.def
File: l3deprecation.def 2019-04-06 v L3 Deprecated functions
))
(/usr/share/texmf-dist/tex/latex/l3backend/l3backend-xdvipdfmx.def
File: l3backend-xdvipdfmx.def 2019-04-06 L3 backend support: xdvipdfmx
\g__graphics_track_int=\count172
\l__pdf_internal_box=\box45
\g__pdf_backend_object_int=\count173
\g__pdf_backend_annotation_int=\count174
))
Package: xeCJK 2019/06/02 v3.7.4 Typesetting CJK scripts with XeLaTeX

(/usr/share/texmf-dist/tex/latex/l3packages/xtemplate/xtemplate.sty
Package: xtemplate 2019-10-11 L3 Experimental prototype document functions
\l__xtemplate_tmp_dim=\dimen135
\l__xtemplate_tmp_int=\count175
\l__xtemplate_tmp_muskip=\muskip16
\l__xtemplate_tmp_skip=\skip49
)
(/usr/share/texmf-dist/tex/latex/l3packages/xparse/xparse.sty
Package: xparse 2019-10-11 L3 Experimental document command parser
\l__xparse_current_arg_int=\count176
\g__xparse_grabber_int=\count177
\l__xparse_m_args_int=\count178
\l__xparse_v_nesting_int=\count179
)
(/usr/share/texmf-dist/tex/latex/l3packages/l3keys2e/l3keys2e.sty
Package: l3keys2e 2019-10-11 LaTeX2e option processing using LaTeX3 keys
)
\l__xeCJK_tmp_int=\count180
\l__xeCJK_tmp_box=\box46
\l__xeCJK_tmp_dim=\dimen136
\l__xeCJK_tmp_skip=\skip50
\g__xeCJK_space_factor_int=\count181
\l__xeCJK_begin_int=\count182
\l__xeCJK_end_int=\count183
\c__xeCJK_CJK_class_int=\XeTeXcharclass1
\c__xeCJK_FullLeft_class_int=\XeTeXcharclass2
\c__xeCJK_FullRight_class_int=\XeTeXcharclass3
\c__xeCJK_HalfLeft_class_int=\XeTeXcharclass4
\c__xeCJK_HalfRight_class_int=\XeTeXcharclass5
\c__xeCJK_NormalSpace_class_int=\XeTeXcharclass6
\c__xeCJK_CM_class_int=\XeTeXcharclass7
\c__xeCJK_HangulJamo_class_int=\XeTeXcharclass8
\l__xeCJK_last_skip=\skip51
\g__xeCJK_node_int=\count184
\c__xeCJK_CJK_node_dim=\dimen137
\c__xeCJK_CJK-space_node_dim=\dimen138
\c__xeCJK_default_node_dim=\dimen139
\c__xeCJK_default-space_node_dim=\dimen140
\c__xeCJK_CJK-widow_node_dim=\dimen141
\c__xeCJK_normalspace_node_dim=\dimen142
\l__xeCJK_ccglue_skip=\skip52
\l__xeCJK_ecglue_skip=\skip53
\l__xeCJK_punct_kern_skip=\skip54
\l__xeCJK_last_penalty_int=\count185
\l__xeCJK_last_bound_dim=\dimen143
\l__xeCJK_last_kern_dim=\dimen144
\l__xeCJK_widow_penalty_int=\count186

Package xtemplate Info: Declaring object type 'xeCJK/punctuation' taking 0
(xtemplate)             argument(s) on line 2323.

\l__xeCJK_fixed_punct_width_dim=\dimen145
\l__xeCJK_mixed_punct_width_dim=\dimen146
\l__xeCJK_middle_punct_width_dim=\dimen147
\l__xeCJK_fixed_margin_width_dim=\dimen148
\l__xeCJK_mixed_margin_width_dim=\dimen149
\l__xeCJK_middle_margin_width_dim=\dimen150
\l__xeCJK_bound_punct_width_dim=\dimen151
\l__xeCJK_bound_margin_width_dim=\dimen152
\l__xeCJK_margin_minimum_dim=\dimen153
\l__xeCJK_kerning_total_width_dim=\dimen154
\l__xeCJK_same_align_margin_dim=\dimen155
\l__xeCJK_different_align_margin_dim=\dimen156
\l__xeCJK_kerning_margin_width_dim=\dimen157
\l__xeCJK_kerning_margin_minimum_dim=\dimen158
\l__xeCJK_bound_dim=\dimen159
\l__xeCJK_reverse_bound_dim=\dimen160
\l__xeCJK_margin_dim=\dimen161
\l__xeCJK_minimum_bound_dim=\dimen162
\l__xeCJK_kerning_margin_dim=\dimen163
\g__xeCJK_family_int=\count187
\l__xeCJK_fam_int=\count188
\g__xeCJK_fam_allocation_int=\count189
\l__xeCJK_verb_case_int=\count190
\l__xeCJK_verb_exspace_skip=\skip55

(/usr/share/texmf-dist/tex/latex/fontspec/fontspec.sty
Package: fontspec 2019/10/19 v2.7d Font selection for XeLaTeX and LuaLaTeX

(/usr/share/texmf-dist/tex/latex/fontspec/fontspec-xetex.sty
Package: fontspec-xetex 2019/10/19 v2.7d Font selection for XeLaTeX and LuaLaTe
X
\l__fontspec_script_int=\count191
\l__fontspec_language_int=\count192
\l__fontspec_strnum_int=\count193
\l__fontspec_tmp_int=\count194
\l__fontspec_tmpa_int=\count195
\l__fontspec_tmpb_int=\count196
\l__fontspec_tmpc_int=\count197
\l__fontspec_em_int=\count198
\l__fontspec_emdef_int=\count199
\l__fontspec_strong_int=\count266
\l__fontspec_strongdef_int=\count267
\l__fontspec_tmpa_dim=\dimen164
\l__fontspec_tmpb_dim=\dimen165
\l__fontspec_tmpc_dim=\dimen166

(/usr/share/texmf-dist/tex/latex/base/fontenc.sty
Package: fontenc 2018/08/11 v2.0j Standard LaTeX package

(/usr/share/texmf-dist/tex/latex/base/tuenc.def
File: tuenc.def 2018/08/11 v2.0j Standard LaTeX file
LaTeX Font Info:    Redeclaring font encoding TU on input line 82.
))
(/usr/share/texmf-dist/tex/latex/fontspec/fontspec.cfg)
LaTeX Info: Redefining \itshape on input line 4047.
LaTeX Info: Redefining \slshape on input line 4052.
LaTeX Info: Redefining \scshape on input line 4057.
LaTeX Info: Redefining \upshape on input line 4062.
LaTeX Info: Redefining \em on input line 4092.
LaTeX Info: Redefining \emph on input line 4117.
))
(/usr/share/texmf-dist/tex/xelatex/xecjk/xeCJK.cfg
File: xeCJK.cfg 2019/06/02 v3.7.4 Configuration file for xeCJK package
))

Package fontspec Info: Could not resolve font "SourceHanSans-Regular/I" (it
(fontspec)             probably doesn't exist).


Package fontspec Info: Font family 'SourceHanSans-Regular(0)' created for font
(fontspec)             'SourceHanSans-Regular' with options [Script={CJK}].
(fontspec)              
(fontspec)              This font family consists of the following NFSS
(fontspec)             series/shapes:
(fontspec)              
(fontspec)             - 'normal' (m/n) with NFSS spec.:
(fontspec)             <->"SourceHanSans-Regular/OT:script=hani;language=DFLT;"

(fontspec)             - 'small caps'  (m/sc) with NFSS spec.: 
(fontspec)             - 'bold' (bx/n) with NFSS spec.:
(fontspec)             <->"SourceHanSans-Regular/B/OT:script=hani;language=DFLT
;"
(fontspec)             - 'bold small caps'  (bx/sc) with NFSS spec.: 
(fontspec)             - 'bold italic' (bx/it) with NFSS spec.:
(fontspec)             <->"SourceHanSans-Regular/BI/OT:script=hani;language=DFL
T;"
(fontspec)             - 'bold italic small caps'  (bx/itsc) with NFSS spec.: 


Package fontspec Info: Could not resolve font "Monaco/BI" (it probably doesn't
(fontspec)             exist).


Package fontspec Info: Could not resolve font "Monaco/B" (it probably doesn't
(fontspec)             exist).


Package fontspec Info: Could not resolve font "Monaco/I" (it probably doesn't
(fontspec)             exist).


Package fontspec Info: Font family 'Monaco(0)' created for font 'Monaco' with
(fontspec)             options
(fontspec)             [WordSpace={1,0,0},HyphenChar=None,PunctuationSpace=Word
Space].
(fontspec)              
(fontspec)              This font family consists of the following NFSS
(fontspec)             series/shapes:
(fontspec)              
(fontspec)             - 'normal' (m/n) with NFSS spec.: <->"Monaco/OT"
(fontspec)             - 'small caps'  (m/sc) with NFSS spec.: 
(fontspec)             and font adjustment code:
(fontspec)             \fontdimen 2\font =1\fontdimen 2\font \fontdimen 3\font
(fontspec)             =0\fontdimen 3\font \fontdimen 4\font =0\fontdimen
(fontspec)             4\font \fontdimen 7\font =0\fontdimen 2\font
(fontspec)             \tex_hyphenchar:D \font =-1\scan_stop: 

LaTeX Info: Redefining \ttfamily on input line 7.

(/usr/share/texmf-dist/tex/latex/listings/listings.sty
\lst@mode=\count268
\lst@gtempboxa=\box47
\lst@token=\toks15
\lst@length=\count269
\lst@currlwidth=\dimen167
\lst@column=\count270
\lst@pos=\count271
\lst@lostspace=\dimen168
\lst@width=\dimen169
\lst@newlines=\count272
\lst@lineno=\count273
\lst@maxwidth=\dimen170

(/usr/share/texmf-dist/tex/latex/listings/lstmisc.sty
File: lstmisc.sty 2019/09/10 1.8c (Carsten Heinz)
\c@lstnumber=\count274
\lst@skipnumbers=\count275
\lst@framebox=\box48
)
(/usr/share/texmf-dist/tex/latex/listings/listings.cfg
File: listings.cfg 2019/09/10 1.8c listings configuration
))
Package: listings 2019/09/10 1.8c (Carsten Heinz)

(/usr/share/texmf-dist/tex/latex/graphics/color.sty
Package: color 2016/07/10 v1.1e Standard LaTeX Color (DPC)

(/usr/share/texmf-dist/tex/latex/graphics-cfg/color.cfg
File: color.cfg 2016/01/02 v1.6 sample color configuration
)
Package color Info: Driver file: xetex.def on input line 147.

(/usr/share/texmf-dist/tex/latex/graphics-def/xetex.def
File: xetex.def 2017/06/24 v5.0h Graphics/color driver for xetex
))
(/usr/share/texmf-dist/tex/latex/geometry/geometry.sty
Package: geometry 2018/04/16 v5.8 Page Geometry

(/usr/share/texmf-dist/tex/generic/oberdiek/ifpdf.sty
Package: ifpdf 2018/09/07 v3.3 Provides the ifpdf switch
)
(/usr/share/texmf-dist/tex/generic/oberdiek/ifvtex.sty
Package: ifvtex 2016/05/16 v1.6 Detect VTeX and its facilities (HO)
Package ifvtex Info: VTeX not detected.
)
(/usr/share/texmf-dist/tex/generic/ifxetex/ifxetex.sty
Package: ifxetex 2010/09/12 v0.6 Provides ifxetex conditional
)
\Gm@cnth=\count276
\Gm@cntv=\count277
\c@Gm@tempcnt=\count278
\Gm@bindingoffset=\dimen171
\Gm@wd@mp=\dimen172
\Gm@odd@mp=\dimen173
\Gm@even@mp=\dimen174
\Gm@layoutwidth=\dimen175
\Gm@layoutheight=\dimen176
\Gm@layouthoffset=\dimen177
\Gm@layoutvoffset=\dimen178
\Gm@dimlist=\toks16
)
(/usr/share/texmf-dist/tex/latex/fancyhdr/fancyheadings.sty
Package: fancyheadings 2019/01/31 v3.10 Legacy package to call fancyhdr


Package fancyheadings Warning: Please stop using fancyheadings!
(fancyheadings)                Use fancyhdr instead.
(fancyheadings)                We will call fancyhdr with the very same
(fancyheadings)                options you passed to fancyheadings.
(fancyheadings)                
(fancyheadings)                fancyhdr is 99 percent compatible with
(fancyheadings)                fancyheadings. The only incompatibility is
(fancyheadings)                that \headrulewidth and \footrulewidth and
(fancyheadings)                their \plain... versions are no longer length
(fancyheadings)                parameters, but normal macros (to be changed
(fancyheadings)                with \renewcommand rather than \setlength)..

(/usr/share/texmf-dist/tex/latex/fancyhdr/fancyhdr.sty
Package: fancyhdr 2019/01/31 v3.10 Extensive control of page headers and footer
s
\f@nch@headwidth=\skip56
\f@nch@O@elh=\skip57
\f@nch@O@erh=\skip58
\f@nch@O@olh=\skip59
\f@nch@O@orh=\skip60
\f@nch@O@elf=\skip61
\f@nch@O@erf=\skip62
\f@nch@O@olf=\skip63
\f@nch@O@orf=\skip64
))
(/usr/share/texmf-dist/tex/latex/titlesec/titlesec.sty
Package: titlesec 2019/10/16 v2.13 Sectioning titles
\ttl@box=\box49
\beforetitleunit=\skip65
\aftertitleunit=\skip66
\ttl@plus=\dimen179
\ttl@minus=\dimen180
\ttl@toksa=\toks17
\titlewidth=\dimen181
\titlewidthlast=\dimen182
\titlewidthfirst=\dimen183
)
(/usr/share/texmf-dist/tex/latex/listings/lstlang1.sty
File: lstlang1.sty 2019/09/10 1.8c listings language file
)
(/usr/share/texmf-dist/tex/xelatex/xecjk/xeCJK-listings.sty
Package: xeCJK-listings 2019/06/02 v3.7.4 xeCJK patch file for listings
\l__xeCJK_listings_max_char_int=\count279
\l__xeCJK_listings_flag_int=\count280
)

LaTeX Warning: Unused global option(s):
    [8pt].

(./codebook.aux)
\openout1 = `codebook.aux'.

LaTeX Font Info:    Checking defaults for OML/cmm/m/it on input line 57.
LaTeX Font Info:    ... okay on input line 57.
LaTeX Font Info:    Checking defaults for T1/cmr/m/n on input line 57.
LaTeX Font Info:    ... okay on input line 57.
LaTeX Font Info:    Checking defaults for OT1/cmr/m/n on input line 57.
LaTeX Font Info:    ... okay on input line 57.
LaTeX Font Info:    Checking defaults for OMS/cmsy/m/n on input line 57.
LaTeX Font Info:    ... okay on input line 57.
LaTeX Font Info:    Checking defaults for TU/lmr/m/n on input line 57.
LaTeX Font Info:    ... okay on input line 57.
LaTeX Font Info:    Checking defaults for OMX/cmex/m/n on input line 57.
LaTeX Font Info:    ... okay on input line 57.
LaTeX Font Info:    Checking defaults for U/cmr/m/n on input line 57.
LaTeX Font Info:    ... okay on input line 57.

Package fontspec Info: Adjusting the maths setup (use [no-math] to avoid
(fontspec)             this).

\symlegacymaths=\mathgroup4
LaTeX Font Info:    Overwriting symbol font `legacymaths' in version `bold'
(Font)                  OT1/cmr/m/n --> OT1/cmr/bx/n on input line 57.
LaTeX Font Info:    Redeclaring math accent \acute on input line 57.
LaTeX Font Info:    Redeclaring math accent \grave on input line 57.
LaTeX Font Info:    Redeclaring math accent \ddot on input line 57.
LaTeX Font Info:    Redeclaring math accent \tilde on input line 57.
LaTeX Font Info:    Redeclaring math accent \bar on input line 57.
LaTeX Font Info:    Redeclaring math accent \breve on input line 57.
LaTeX Font Info:    Redeclaring math accent \check on input line 57.
LaTeX Font Info:    Redeclaring math accent \hat on input line 57.
LaTeX Font Info:    Redeclaring math accent \dot on input line 57.
LaTeX Font Info:    Redeclaring math accent \mathring on input line 57.
LaTeX Font Info:    Redeclaring math symbol \colon on input line 57.
LaTeX Font Info:    Redeclaring math symbol \Gamma on input line 57.
LaTeX Font Info:    Redeclaring math symbol \Delta on input line 57.
LaTeX Font Info:    Redeclaring math symbol \Theta on input line 57.
LaTeX Font Info:    Redeclaring math symbol \Lambda on input line 57.
LaTeX Font Info:    Redeclaring math symbol \Xi on input line 57.
LaTeX Font Info:    Redeclaring math symbol \Pi on input line 57.
LaTeX Font Info:    Redeclaring math symbol \Sigma on input line 57.
LaTeX Font Info:    Redeclaring math symbol \Upsilon on input line 57.
LaTeX Font Info:    Redeclaring math symbol \Phi on input line 57.
LaTeX Font Info:    Redeclaring math symbol \Psi on input line 57.
LaTeX Font Info:    Redeclaring math symbol \Omega on input line 57.
LaTeX Font Info:    Redeclaring math symbol \mathdollar on input line 57.
LaTeX Font Info:    Redeclaring symbol font `operators' on input line 57.
LaTeX Font Info:    Encoding `OT1' has changed to `TU' for symbol font
(Font)              `operators' in the math version `normal' on input line 57.
LaTeX Font Info:    Overwriting symbol font `operators' in version `normal'
(Font)                  OT1/cmr/m/n --> TU/lmr/m/n on input line 57.
LaTeX Font Info:    Encoding `OT1' has changed to `TU' for symbol font
(Font)              `operators' in the math version `bold' on input line 57.
LaTeX Font Info:    Overwriting symbol font `operators' in version `bold'
(Font)                  OT1/cmr/bx/n --> TU/lmr/m/n on input line 57.
LaTeX Font Info:    Overwriting symbol font `operators' in version `normal'
(Font)                  TU/lmr/m/n --> TU/lmr/m/n on input line 57.
LaTeX Font Info:    Overwriting math alphabet `\mathit' in version `normal'
(Font)                  OT1/cmr/m/it --> TU/lmr/m/it on input line 57.
LaTeX Font Info:    Overwriting math alphabet `\mathbf' in version `normal'
(Font)                  OT1/cmr/bx/n --> TU/lmr/bx/n on input line 57.
LaTeX Font Info:    Overwriting math alphabet `\mathsf' in version `normal'
(Font)                  OT1/cmss/m/n --> TU/lmss/m/n on input line 57.
LaTeX Font Info:    Overwriting math alphabet `\mathtt' in version `normal'
(Font)                  OT1/cmtt/m/n --> TU/Monaco(0)/m/n on input line 57.
LaTeX Font Info:    Overwriting symbol font `operators' in version `bold'
(Font)                  TU/lmr/m/n --> TU/lmr/bx/n on input line 57.
LaTeX Font Info:    Overwriting math alphabet `\mathit' in version `bold'
(Font)                  OT1/cmr/bx/it --> TU/lmr/bx/it on input line 57.
LaTeX Font Info:    Overwriting math alphabet `\mathsf' in version `bold'
(Font)                  OT1/cmss/bx/n --> TU/lmss/bx/n on input line 57.
LaTeX Font Info:    Overwriting math alphabet `\mathtt' in version `bold'
(Font)                  OT1/cmtt/m/n --> TU/Monaco(0)/bx/n on input line 57.
\c@lstlisting=\count281

*geometry* driver: auto-detecting
*geometry* detected driver: xetex
*geometry* verbose mode - [ preamble ] result:
* driver: xetex
* paper: a4paper
* layout: <same size as paper>
* layoutoffset:(h,v)=(0.0pt,0.0pt)
* modes: 
* h-part:(L,W,R)=(14.22636pt, 569.05515pt, 14.22636pt)
* v-part:(T,H,B)=(56.9055pt, 773.91498pt, 14.22636pt)
* \paperwidth=597.50787pt
* \paperheight=845.04684pt
* \textwidth=569.05515pt
* \textheight=780.0pt
* \oddsidemargin=-58.04362pt
* \evensidemargin=-58.04362pt
* \topmargin=-52.36449pt
* \headheight=12.0pt
* \headsep=5.0pt
* \topskip=10.0pt
* \footskip=30.0pt
* \marginparwidth=4.0pt
* \marginparsep=10.0pt
* \columnsep=10.0pt
* \skip\footins=9.0pt plus 4.0pt minus 2.0pt
* \hoffset=0.0pt
* \voffset=0.0pt
* \mag=1000
* \@twocolumntrue
* \@twosidefalse
* \@mparswitchfalse
* \@reversemarginfalse
* (1in=72.27pt=25.4mm, 1cm=28.453pt)

(./codebook.toc
LaTeX Font Info:    External font `cmex10' loaded for size
(Font)              <7> on input line 2.
LaTeX Font Info:    External font `cmex10' loaded for size
(Font)              <5> on input line 2.
)
\tf@toc=\write3
\openout3 = `codebook.toc'.

 (/usr/share/texmf-dist/tex/latex/listings/lstlang1.sty
File: lstlang1.sty 2019/09/10 1.8c listings language file
)
(/usr/share/texmf-dist/tex/latex/listings/lstlang1.sty
File: lstlang1.sty 2019/09/10 1.8c listings language file
)
(/usr/share/texmf-dist/tex/latex/listings/lstmisc.sty
File: lstmisc.sty 2019/09/10 1.8c (Carsten Heinz)
)

Package xeCJK Warning: Unknown CJK family `\CJKttdefault' is being ignored.
(xeCJK)                
(xeCJK)                Try to use `\setCJKmonofont[...]{...}' to define it.

(./code/Basic/Default.cpp) (./code/DataStructure/persistentTreap.cpp [1

])
(./code/DataStructure/PQTree.cpp
Underfull \vbox (badness 10000) has occurred while \output is active []

 [2])
(./code/DataStructure/KDtree.cpp) (./code/DataStructure/LCT.cpp
Underfull \vbox (badness 10000) has occurred while \output is active []

 [3])
(./code/DataStructure/pbds.cpp) (./code/Flow/Minimunwieghtmatchclique.cpp)
(./code/Flow/CostFlow.cpp [4]) (./code/Flow/MincutTree.cpp)
(./code/Flow/Dinic.cpp) (./code/Flow/GeneralGraphmatch.cpp [5])
(./code/Flow/KM.cpp) (./code/Flow/SWmincut.cpp)
(./code/Geometry/Circleintersection.cpp) (./code/Geometry/Fermat's Point.cpp)
(./code/Geometry/Pointoperators.cpp [6]) (./code/Geometry/3DConvexHull.cpp)
(./code/Geometry/count_lattices.cpp) (./code/Geometry/commontagnet.cpp)
(./code/Geometry/Halfplaneintersection.cpp [7]) (./code/Geometry/ConvexHull.cpp
) (./code/Geometry/triangulation.cpp) (./code/Geometry/minkowskisum.cpp
[8]) (./code/Geometry/K-closet Pair.cpp) (./code/Geometry/MCC.cpp)
(./code/Geometry/3Dto2D.cpp) (./code/Geometry/lineIntersection.cpp)
(./code/Graph/KSP.cpp [9]
Underfull \vbox (badness 10000) has occurred while \output is active []

)
(./code/Graph/planar.cpp [10]
Underfull \vbox (badness 10000) has occurred while \output is active []


Underfull \vbox (badness 10000) has occurred while \output is active []

 [11])
(./code/Graph/MMC.cpp) (./code/Graph/SomeTheroem.cpp)
(./code/Graph/dominator.cpp [12]) (./code/Graph/DMST.cpp) (./code/Graph/SCC.cpp
) (./code/Graph/GeneralGraphMaximunValueMatch.cpp [13]
Underfull \vbox (badness 10000) has occurred while \output is active []

)
(./code/Graph/Stable Marriage.cpp [14]) (./code/Graph/BCCvertex.cpp)
(./code/Graph/MaxClique.cpp) (./code/Graph/BCCedge.cpp [15])
(./code/Graph/MinimumSteinerTree.cpp)
(/usr/share/texmf-dist/tex/latex/listings/lstlang1.sty
File: lstlang1.sty 2019/09/10 1.8c listings language file
)
(./code/JAVAAndPy/Big Integer.java)
(/usr/share/texmf-dist/tex/latex/listings/lstlang1.sty
File: lstlang1.sty 2019/09/10 1.8c listings language file
)
(./code/JAVAAndPy/fraction_limit.py) (./code/Other/fraction_binary.cpp)
(./code/Other/annealing.cpp [16]) (./code/Other/MahattanMST.cpp)
(./code/Other/dynamic_convex.cpp [17]) (./code/Other/dp_optimizer.cpp)
(./code/Other/det.cpp) (./code/String/AC.cpp) (./code/String/suffixAutomata.cpp
[18]) (./code/String/palindromic_tree.cpp)
(./code/String/MinLexicographicalRotate.cpp) (./code/String/CLCS.cpp [19])
(./code/String/ZvaluePalindromes.cpp) (./code/String/suffixArray.cpp)
(./code/String/Zvalue.cpp) (./code/math/MillerRabin.cpp)
(./code/math/simplex.cpp [20]) (./code/math/Theorem.cpp)
(./code/math/Rombeg.cpp) (./code/math/SchreierSims.cpp [21])
(./code/math/FFT.cpp) (./code/math/NTT.cpp) (./code/math/crt_solve2.cpp)
(./code/math/DiscreteSqrt.cpp) (./code/math/FWT.cpp) (./code/math/floor_sum.cpp
) [22] (./code/math/faulhaber.cpp) (./code/math/extgcd.cpp)
(./code/math/Pollard’sRho.cpp) (./note.tex) [23] (./codebook.aux) ) 
Here is how much of TeX's memory you used:
 19115 strings out of 492483
 396179 string characters out of 6134979
 1814357 words of memory out of 5000000
 23272 multiletter control sequences out of 15000+600000
 532530 words of font info for 48 fonts, out of 8000000 for 9000
 1348 hyphenation exceptions out of 8191
 47i,12n,67p,1198b,1810s stack positions out of 5000i,500n,10000p,200000b,80000s

Output written on codebook.pdf (23 pages).
