mktextfm SourceHanSerifTW-Light/OT
mktextfm SourceHanSerifTW-Light/OT
mktextfm SourceHanSerifTW-Light/OT
mktextfm SourceHanSerifTW-Light/BI/OT
mktextfm SourceHanSerifTW-Light/OT
mktextfm SourceHanSerifTW-Light/B/OT
mktextfm SourceHanSerifTW-Light/OT
mktextfm SourceHanSerifTW-Light/I/OT
mktextfm SourceHanSerifTW-Light/OT
mktextfm SourceHanSerifTW-Light/OT
mktextfm SourceHanSerifTW-Light/OT
mktextfm SourceHanSerifTW-Light/OT
mktextfm SourceHanSerifTW-Light/OT
mktextfm SourceHanSerifTW-Light/OT
mktextfm SourceHanSerifTW-Light/BI/OT
mktextfm SourceHanSerifTW-Light/OT
mktextfm SourceHanSerifTW-Light/B/OT
mktextfm SourceHanSerifTW-Light/OT
mktextfm SourceHanSerifTW-Light/I/OT
mktextfm SourceHanSerifTW-Light/OT
mktextfm SourceHanSerifTW-Light/OT
mktextfm SourceHanSerifTW-Light/OT
mktextfm SourceHanSerif-Light/OT
mktextfm SourceHanSerif-Light/OT
mktextfm SourceHanSerif-Light/OT
mktextfm SourceHanSerif-Light/BI/OT
mktextfm SourceHanSerif-Light/OT
mktextfm SourceHanSerif-Light/B/OT
mktextfm SourceHanSerif-Light/OT
mktextfm SourceHanSerif-Light/I/OT
mktextfm SourceHanSerif-Light/OT
mktextfm SourceHanSerif-Light/OT
mktextfm SourceHanSerif-Light/OT
mktextfm SourceHanSerif-Light/OT
